Traceback (most recent call last):
  File "/opt/anaconda3/anaconda3/lib/python3.11/site-packages/jupyter_cache/executors/utils.py", line 58, in single_nb_execution
    executenb(
  File "/opt/anaconda3/anaconda3/lib/python3.11/site-packages/nbclient/client.py", line 1305, in execute
    return NotebookClient(nb=nb, resources=resources, km=km, **kwargs).execute()
           ^^^^^^^^^^^^^^^^^^^^^^^^^^^^^^^^^^^^^^^^^^^^^^^^^^^^^^^^^^^^^^^^^^^^^
  File "/opt/anaconda3/anaconda3/lib/python3.11/site-packages/jupyter_core/utils/__init__.py", line 173, in wrapped
    return loop.run_until_complete(inner)
           ^^^^^^^^^^^^^^^^^^^^^^^^^^^^^^
  File "/opt/anaconda3/anaconda3/lib/python3.11/asyncio/base_events.py", line 653, in run_until_complete
    return future.result()
           ^^^^^^^^^^^^^^^
  File "/opt/anaconda3/anaconda3/lib/python3.11/site-packages/nbclient/client.py", line 705, in async_execute
    await self.async_execute_cell(
  File "/opt/anaconda3/anaconda3/lib/python3.11/site-packages/nbclient/client.py", line 1058, in async_execute_cell
    await self._check_raise_for_error(cell, cell_index, exec_reply)
  File "/opt/anaconda3/anaconda3/lib/python3.11/site-packages/nbclient/client.py", line 914, in _check_raise_for_error
    raise CellExecutionError.from_cell_and_msg(cell, exec_reply_content)
nbclient.exceptions.CellExecutionError: An error occurred while executing the following cell:
------------------
# get all the rows where year is 1921
weather.query('weather.YYYY == 1921')
------------------


[0;31m---------------------------------------------------------------------------[0m
[0;31mKeyError[0m                                  Traceback (most recent call last)
File [0;32m/opt/anaconda3/anaconda3/lib/python3.11/site-packages/pandas/core/computation/scope.py:231[0m, in [0;36mScope.resolve[0;34m(self, key, is_local)[0m
[1;32m    230[0m [38;5;28;01mif[39;00m [38;5;28mself[39m[38;5;241m.[39mhas_resolvers:
[0;32m--> 231[0m     [38;5;28;01mreturn[39;00m [38;5;28mself[39m[38;5;241m.[39mresolvers[key]
[1;32m    233[0m [38;5;66;03m# if we're here that means that we have no locals and we also have[39;00m
[1;32m    234[0m [38;5;66;03m# no resolvers[39;00m

File [0;32m/opt/anaconda3/anaconda3/lib/python3.11/collections/__init__.py:1006[0m, in [0;36mChainMap.__getitem__[0;34m(self, key)[0m
[1;32m   1005[0m         [38;5;28;01mpass[39;00m
[0;32m-> 1006[0m [38;5;28;01mreturn[39;00m [38;5;28mself[39m[38;5;241m.[39m[38;5;21m__missing__[39m(key)

File [0;32m/opt/anaconda3/anaconda3/lib/python3.11/collections/__init__.py:998[0m, in [0;36mChainMap.__missing__[0;34m(self, key)[0m
[1;32m    997[0m [38;5;28;01mdef[39;00m [38;5;21m__missing__[39m([38;5;28mself[39m, key):
[0;32m--> 998[0m     [38;5;28;01mraise[39;00m [38;5;167;01mKeyError[39;00m(key)

[0;31mKeyError[0m: 'weather'

During handling of the above exception, another exception occurred:

[0;31mKeyError[0m                                  Traceback (most recent call last)
File [0;32m/opt/anaconda3/anaconda3/lib/python3.11/site-packages/pandas/core/computation/scope.py:242[0m, in [0;36mScope.resolve[0;34m(self, key, is_local)[0m
[1;32m    238[0m [38;5;28;01mtry[39;00m:
[1;32m    239[0m     [38;5;66;03m# last ditch effort we look in temporaries[39;00m
[1;32m    240[0m     [38;5;66;03m# these are created when parsing indexing expressions[39;00m
[1;32m    241[0m     [38;5;66;03m# e.g., df[df > 0][39;00m
[0;32m--> 242[0m     [38;5;28;01mreturn[39;00m [38;5;28mself[39m[38;5;241m.[39mtemps[key]
[1;32m    243[0m [38;5;28;01mexcept[39;00m [38;5;167;01mKeyError[39;00m [38;5;28;01mas[39;00m err:

[0;31mKeyError[0m: 'weather'

The above exception was the direct cause of the following exception:

[0;31mUndefinedVariableError[0m                    Traceback (most recent call last)
Cell [0;32mIn[12], line 2[0m
[1;32m      1[0m [38;5;66;03m# get all the rows where year is 1921[39;00m
[0;32m----> 2[0m weather[38;5;241m.[39mquery([38;5;124m'[39m[38;5;124mweather.YYYY == 1921[39m[38;5;124m'[39m)

File [0;32m/opt/anaconda3/anaconda3/lib/python3.11/site-packages/pandas/core/frame.py:4599[0m, in [0;36mDataFrame.query[0;34m(self, expr, inplace, **kwargs)[0m
[1;32m   4597[0m kwargs[[38;5;124m"[39m[38;5;124mlevel[39m[38;5;124m"[39m] [38;5;241m=[39m kwargs[38;5;241m.[39mpop([38;5;124m"[39m[38;5;124mlevel[39m[38;5;124m"[39m, [38;5;241m0[39m) [38;5;241m+[39m [38;5;241m1[39m
[1;32m   4598[0m kwargs[[38;5;124m"[39m[38;5;124mtarget[39m[38;5;124m"[39m] [38;5;241m=[39m [38;5;28;01mNone[39;00m
[0;32m-> 4599[0m res [38;5;241m=[39m [38;5;28mself[39m[38;5;241m.[39meval(expr, [38;5;241m*[39m[38;5;241m*[39mkwargs)
[1;32m   4601[0m [38;5;28;01mtry[39;00m:
[1;32m   4602[0m     result [38;5;241m=[39m [38;5;28mself[39m[38;5;241m.[39mloc[res]

File [0;32m/opt/anaconda3/anaconda3/lib/python3.11/site-packages/pandas/core/frame.py:4725[0m, in [0;36mDataFrame.eval[0;34m(self, expr, inplace, **kwargs)[0m
[1;32m   4722[0m     kwargs[[38;5;124m"[39m[38;5;124mtarget[39m[38;5;124m"[39m] [38;5;241m=[39m [38;5;28mself[39m
[1;32m   4723[0m kwargs[[38;5;124m"[39m[38;5;124mresolvers[39m[38;5;124m"[39m] [38;5;241m=[39m [38;5;28mtuple[39m(kwargs[38;5;241m.[39mget([38;5;124m"[39m[38;5;124mresolvers[39m[38;5;124m"[39m, ())) [38;5;241m+[39m resolvers
[0;32m-> 4725[0m [38;5;28;01mreturn[39;00m _eval(expr, inplace[38;5;241m=[39minplace, [38;5;241m*[39m[38;5;241m*[39mkwargs)

File [0;32m/opt/anaconda3/anaconda3/lib/python3.11/site-packages/pandas/core/computation/eval.py:336[0m, in [0;36meval[0;34m(expr, parser, engine, local_dict, global_dict, resolvers, level, target, inplace)[0m
[1;32m    327[0m [38;5;66;03m# get our (possibly passed-in) scope[39;00m
[1;32m    328[0m env [38;5;241m=[39m ensure_scope(
[1;32m    329[0m     level [38;5;241m+[39m [38;5;241m1[39m,
[1;32m    330[0m     global_dict[38;5;241m=[39mglobal_dict,
[0;32m   (...)[0m
[1;32m    333[0m     target[38;5;241m=[39mtarget,
[1;32m    334[0m )
[0;32m--> 336[0m parsed_expr [38;5;241m=[39m Expr(expr, engine[38;5;241m=[39mengine, parser[38;5;241m=[39mparser, env[38;5;241m=[39menv)
[1;32m    338[0m [38;5;28;01mif[39;00m engine [38;5;241m==[39m [38;5;124m"[39m[38;5;124mnumexpr[39m[38;5;124m"[39m [38;5;129;01mand[39;00m (
[1;32m    339[0m     is_extension_array_dtype(parsed_expr[38;5;241m.[39mterms[38;5;241m.[39mreturn_type)
[1;32m    340[0m     [38;5;129;01mor[39;00m [38;5;28mgetattr[39m(parsed_expr[38;5;241m.[39mterms, [38;5;124m"[39m[38;5;124moperand_types[39m[38;5;124m"[39m, [38;5;28;01mNone[39;00m) [38;5;129;01mis[39;00m [38;5;129;01mnot[39;00m [38;5;28;01mNone[39;00m
[0;32m   (...)[0m
[1;32m    344[0m     )
[1;32m    345[0m ):
[1;32m    346[0m     warnings[38;5;241m.[39mwarn(
[1;32m    347[0m         [38;5;124m"[39m[38;5;124mEngine has switched to [39m[38;5;124m'[39m[38;5;124mpython[39m[38;5;124m'[39m[38;5;124m because numexpr does not support [39m[38;5;124m"[39m
[1;32m    348[0m         [38;5;124m"[39m[38;5;124mextension array dtypes. Please set your engine to python manually.[39m[38;5;124m"[39m,
[1;32m    349[0m         [38;5;167;01mRuntimeWarning[39;00m,
[1;32m    350[0m         stacklevel[38;5;241m=[39mfind_stack_level(),
[1;32m    351[0m     )

File [0;32m/opt/anaconda3/anaconda3/lib/python3.11/site-packages/pandas/core/computation/expr.py:808[0m, in [0;36mExpr.__init__[0;34m(self, expr, engine, parser, env, level)[0m
[1;32m    806[0m [38;5;28mself[39m[38;5;241m.[39mparser [38;5;241m=[39m parser
[1;32m    807[0m [38;5;28mself[39m[38;5;241m.[39m_visitor [38;5;241m=[39m PARSERS[parser]([38;5;28mself[39m[38;5;241m.[39menv, [38;5;28mself[39m[38;5;241m.[39mengine, [38;5;28mself[39m[38;5;241m.[39mparser)
[0;32m--> 808[0m [38;5;28mself[39m[38;5;241m.[39mterms [38;5;241m=[39m [38;5;28mself[39m[38;5;241m.[39mparse()

File [0;32m/opt/anaconda3/anaconda3/lib/python3.11/site-packages/pandas/core/computation/expr.py:827[0m, in [0;36mExpr.parse[0;34m(self)[0m
[1;32m    823[0m [38;5;28;01mdef[39;00m [38;5;21mparse[39m([38;5;28mself[39m):
[1;32m    824[0m [38;5;250m    [39m[38;5;124;03m"""[39;00m
[1;32m    825[0m [38;5;124;03m    Parse an expression.[39;00m
[1;32m    826[0m [38;5;124;03m    """[39;00m
[0;32m--> 827[0m     [38;5;28;01mreturn[39;00m [38;5;28mself[39m[38;5;241m.[39m_visitor[38;5;241m.[39mvisit([38;5;28mself[39m[38;5;241m.[39mexpr)

File [0;32m/opt/anaconda3/anaconda3/lib/python3.11/site-packages/pandas/core/computation/expr.py:411[0m, in [0;36mBaseExprVisitor.visit[0;34m(self, node, **kwargs)[0m
[1;32m    409[0m method [38;5;241m=[39m [38;5;124mf[39m[38;5;124m"[39m[38;5;124mvisit_[39m[38;5;132;01m{[39;00m[38;5;28mtype[39m(node)[38;5;241m.[39m[38;5;18m__name__[39m[38;5;132;01m}[39;00m[38;5;124m"[39m
[1;32m    410[0m visitor [38;5;241m=[39m [38;5;28mgetattr[39m([38;5;28mself[39m, method)
[0;32m--> 411[0m [38;5;28;01mreturn[39;00m visitor(node, [38;5;241m*[39m[38;5;241m*[39mkwargs)

File [0;32m/opt/anaconda3/anaconda3/lib/python3.11/site-packages/pandas/core/computation/expr.py:417[0m, in [0;36mBaseExprVisitor.visit_Module[0;34m(self, node, **kwargs)[0m
[1;32m    415[0m     [38;5;28;01mraise[39;00m [38;5;167;01mSyntaxError[39;00m([38;5;124m"[39m[38;5;124monly a single expression is allowed[39m[38;5;124m"[39m)
[1;32m    416[0m expr [38;5;241m=[39m node[38;5;241m.[39mbody[[38;5;241m0[39m]
[0;32m--> 417[0m [38;5;28;01mreturn[39;00m [38;5;28mself[39m[38;5;241m.[39mvisit(expr, [38;5;241m*[39m[38;5;241m*[39mkwargs)

File [0;32m/opt/anaconda3/anaconda3/lib/python3.11/site-packages/pandas/core/computation/expr.py:411[0m, in [0;36mBaseExprVisitor.visit[0;34m(self, node, **kwargs)[0m
[1;32m    409[0m method [38;5;241m=[39m [38;5;124mf[39m[38;5;124m"[39m[38;5;124mvisit_[39m[38;5;132;01m{[39;00m[38;5;28mtype[39m(node)[38;5;241m.[39m[38;5;18m__name__[39m[38;5;132;01m}[39;00m[38;5;124m"[39m
[1;32m    410[0m visitor [38;5;241m=[39m [38;5;28mgetattr[39m([38;5;28mself[39m, method)
[0;32m--> 411[0m [38;5;28;01mreturn[39;00m visitor(node, [38;5;241m*[39m[38;5;241m*[39mkwargs)

File [0;32m/opt/anaconda3/anaconda3/lib/python3.11/site-packages/pandas/core/computation/expr.py:420[0m, in [0;36mBaseExprVisitor.visit_Expr[0;34m(self, node, **kwargs)[0m
[1;32m    419[0m [38;5;28;01mdef[39;00m [38;5;21mvisit_Expr[39m([38;5;28mself[39m, node, [38;5;241m*[39m[38;5;241m*[39mkwargs):
[0;32m--> 420[0m     [38;5;28;01mreturn[39;00m [38;5;28mself[39m[38;5;241m.[39mvisit(node[38;5;241m.[39mvalue, [38;5;241m*[39m[38;5;241m*[39mkwargs)

File [0;32m/opt/anaconda3/anaconda3/lib/python3.11/site-packages/pandas/core/computation/expr.py:411[0m, in [0;36mBaseExprVisitor.visit[0;34m(self, node, **kwargs)[0m
[1;32m    409[0m method [38;5;241m=[39m [38;5;124mf[39m[38;5;124m"[39m[38;5;124mvisit_[39m[38;5;132;01m{[39;00m[38;5;28mtype[39m(node)[38;5;241m.[39m[38;5;18m__name__[39m[38;5;132;01m}[39;00m[38;5;124m"[39m
[1;32m    410[0m visitor [38;5;241m=[39m [38;5;28mgetattr[39m([38;5;28mself[39m, method)
[0;32m--> 411[0m [38;5;28;01mreturn[39;00m visitor(node, [38;5;241m*[39m[38;5;241m*[39mkwargs)

File [0;32m/opt/anaconda3/anaconda3/lib/python3.11/site-packages/pandas/core/computation/expr.py:718[0m, in [0;36mBaseExprVisitor.visit_Compare[0;34m(self, node, **kwargs)[0m
[1;32m    716[0m     op [38;5;241m=[39m [38;5;28mself[39m[38;5;241m.[39mtranslate_In(ops[[38;5;241m0[39m])
[1;32m    717[0m     binop [38;5;241m=[39m ast[38;5;241m.[39mBinOp(op[38;5;241m=[39mop, left[38;5;241m=[39mnode[38;5;241m.[39mleft, right[38;5;241m=[39mcomps[[38;5;241m0[39m])
[0;32m--> 718[0m     [38;5;28;01mreturn[39;00m [38;5;28mself[39m[38;5;241m.[39mvisit(binop)
[1;32m    720[0m [38;5;66;03m# recursive case: we have a chained comparison, a CMP b CMP c, etc.[39;00m
[1;32m    721[0m left [38;5;241m=[39m node[38;5;241m.[39mleft

File [0;32m/opt/anaconda3/anaconda3/lib/python3.11/site-packages/pandas/core/computation/expr.py:411[0m, in [0;36mBaseExprVisitor.visit[0;34m(self, node, **kwargs)[0m
[1;32m    409[0m method [38;5;241m=[39m [38;5;124mf[39m[38;5;124m"[39m[38;5;124mvisit_[39m[38;5;132;01m{[39;00m[38;5;28mtype[39m(node)[38;5;241m.[39m[38;5;18m__name__[39m[38;5;132;01m}[39;00m[38;5;124m"[39m
[1;32m    410[0m visitor [38;5;241m=[39m [38;5;28mgetattr[39m([38;5;28mself[39m, method)
[0;32m--> 411[0m [38;5;28;01mreturn[39;00m visitor(node, [38;5;241m*[39m[38;5;241m*[39mkwargs)

File [0;32m/opt/anaconda3/anaconda3/lib/python3.11/site-packages/pandas/core/computation/expr.py:531[0m, in [0;36mBaseExprVisitor.visit_BinOp[0;34m(self, node, **kwargs)[0m
[1;32m    530[0m [38;5;28;01mdef[39;00m [38;5;21mvisit_BinOp[39m([38;5;28mself[39m, node, [38;5;241m*[39m[38;5;241m*[39mkwargs):
[0;32m--> 531[0m     op, op_class, left, right [38;5;241m=[39m [38;5;28mself[39m[38;5;241m.[39m_maybe_transform_eq_ne(node)
[1;32m    532[0m     left, right [38;5;241m=[39m [38;5;28mself[39m[38;5;241m.[39m_maybe_downcast_constants(left, right)
[1;32m    533[0m     [38;5;28;01mreturn[39;00m [38;5;28mself[39m[38;5;241m.[39m_maybe_evaluate_binop(op, op_class, left, right)

File [0;32m/opt/anaconda3/anaconda3/lib/python3.11/site-packages/pandas/core/computation/expr.py:451[0m, in [0;36mBaseExprVisitor._maybe_transform_eq_ne[0;34m(self, node, left, right)[0m
[1;32m    449[0m [38;5;28;01mdef[39;00m [38;5;21m_maybe_transform_eq_ne[39m([38;5;28mself[39m, node, left[38;5;241m=[39m[38;5;28;01mNone[39;00m, right[38;5;241m=[39m[38;5;28;01mNone[39;00m):
[1;32m    450[0m     [38;5;28;01mif[39;00m left [38;5;129;01mis[39;00m [38;5;28;01mNone[39;00m:
[0;32m--> 451[0m         left [38;5;241m=[39m [38;5;28mself[39m[38;5;241m.[39mvisit(node[38;5;241m.[39mleft, side[38;5;241m=[39m[38;5;124m"[39m[38;5;124mleft[39m[38;5;124m"[39m)
[1;32m    452[0m     [38;5;28;01mif[39;00m right [38;5;129;01mis[39;00m [38;5;28;01mNone[39;00m:
[1;32m    453[0m         right [38;5;241m=[39m [38;5;28mself[39m[38;5;241m.[39mvisit(node[38;5;241m.[39mright, side[38;5;241m=[39m[38;5;124m"[39m[38;5;124mright[39m[38;5;124m"[39m)

File [0;32m/opt/anaconda3/anaconda3/lib/python3.11/site-packages/pandas/core/computation/expr.py:411[0m, in [0;36mBaseExprVisitor.visit[0;34m(self, node, **kwargs)[0m
[1;32m    409[0m method [38;5;241m=[39m [38;5;124mf[39m[38;5;124m"[39m[38;5;124mvisit_[39m[38;5;132;01m{[39;00m[38;5;28mtype[39m(node)[38;5;241m.[39m[38;5;18m__name__[39m[38;5;132;01m}[39;00m[38;5;124m"[39m
[1;32m    410[0m visitor [38;5;241m=[39m [38;5;28mgetattr[39m([38;5;28mself[39m, method)
[0;32m--> 411[0m [38;5;28;01mreturn[39;00m visitor(node, [38;5;241m*[39m[38;5;241m*[39mkwargs)

File [0;32m/opt/anaconda3/anaconda3/lib/python3.11/site-packages/pandas/core/computation/expr.py:643[0m, in [0;36mBaseExprVisitor.visit_Attribute[0;34m(self, node, **kwargs)[0m
[1;32m    640[0m ctx [38;5;241m=[39m node[38;5;241m.[39mctx
[1;32m    641[0m [38;5;28;01mif[39;00m [38;5;28misinstance[39m(ctx, ast[38;5;241m.[39mLoad):
[1;32m    642[0m     [38;5;66;03m# resolve the value[39;00m
[0;32m--> 643[0m     resolved [38;5;241m=[39m [38;5;28mself[39m[38;5;241m.[39mvisit(value)[38;5;241m.[39mvalue
[1;32m    644[0m     [38;5;28;01mtry[39;00m:
[1;32m    645[0m         v [38;5;241m=[39m [38;5;28mgetattr[39m(resolved, attr)

File [0;32m/opt/anaconda3/anaconda3/lib/python3.11/site-packages/pandas/core/computation/expr.py:411[0m, in [0;36mBaseExprVisitor.visit[0;34m(self, node, **kwargs)[0m
[1;32m    409[0m method [38;5;241m=[39m [38;5;124mf[39m[38;5;124m"[39m[38;5;124mvisit_[39m[38;5;132;01m{[39;00m[38;5;28mtype[39m(node)[38;5;241m.[39m[38;5;18m__name__[39m[38;5;132;01m}[39;00m[38;5;124m"[39m
[1;32m    410[0m visitor [38;5;241m=[39m [38;5;28mgetattr[39m([38;5;28mself[39m, method)
[0;32m--> 411[0m [38;5;28;01mreturn[39;00m visitor(node, [38;5;241m*[39m[38;5;241m*[39mkwargs)

File [0;32m/opt/anaconda3/anaconda3/lib/python3.11/site-packages/pandas/core/computation/expr.py:544[0m, in [0;36mBaseExprVisitor.visit_Name[0;34m(self, node, **kwargs)[0m
[1;32m    543[0m [38;5;28;01mdef[39;00m [38;5;21mvisit_Name[39m([38;5;28mself[39m, node, [38;5;241m*[39m[38;5;241m*[39mkwargs):
[0;32m--> 544[0m     [38;5;28;01mreturn[39;00m [38;5;28mself[39m[38;5;241m.[39mterm_type(node[38;5;241m.[39mid, [38;5;28mself[39m[38;5;241m.[39menv, [38;5;241m*[39m[38;5;241m*[39mkwargs)

File [0;32m/opt/anaconda3/anaconda3/lib/python3.11/site-packages/pandas/core/computation/ops.py:91[0m, in [0;36mTerm.__init__[0;34m(self, name, env, side, encoding)[0m
[1;32m     89[0m tname [38;5;241m=[39m [38;5;28mstr[39m(name)
[1;32m     90[0m [38;5;28mself[39m[38;5;241m.[39mis_local [38;5;241m=[39m tname[38;5;241m.[39mstartswith(LOCAL_TAG) [38;5;129;01mor[39;00m tname [38;5;129;01min[39;00m DEFAULT_GLOBALS
[0;32m---> 91[0m [38;5;28mself[39m[38;5;241m.[39m_value [38;5;241m=[39m [38;5;28mself[39m[38;5;241m.[39m_resolve_name()
[1;32m     92[0m [38;5;28mself[39m[38;5;241m.[39mencoding [38;5;241m=[39m encoding

File [0;32m/opt/anaconda3/anaconda3/lib/python3.11/site-packages/pandas/core/computation/ops.py:115[0m, in [0;36mTerm._resolve_name[0;34m(self)[0m
[1;32m    110[0m [38;5;28;01mif[39;00m local_name [38;5;129;01min[39;00m [38;5;28mself[39m[38;5;241m.[39menv[38;5;241m.[39mscope [38;5;129;01mand[39;00m [38;5;28misinstance[39m(
[1;32m    111[0m     [38;5;28mself[39m[38;5;241m.[39menv[38;5;241m.[39mscope[local_name], [38;5;28mtype[39m
[1;32m    112[0m ):
[1;32m    113[0m     is_local [38;5;241m=[39m [38;5;28;01mFalse[39;00m
[0;32m--> 115[0m res [38;5;241m=[39m [38;5;28mself[39m[38;5;241m.[39menv[38;5;241m.[39mresolve(local_name, is_local[38;5;241m=[39mis_local)
[1;32m    116[0m [38;5;28mself[39m[38;5;241m.[39mupdate(res)
[1;32m    118[0m [38;5;28;01mif[39;00m [38;5;28mhasattr[39m(res, [38;5;124m"[39m[38;5;124mndim[39m[38;5;124m"[39m) [38;5;129;01mand[39;00m res[38;5;241m.[39mndim [38;5;241m>[39m [38;5;241m2[39m:

File [0;32m/opt/anaconda3/anaconda3/lib/python3.11/site-packages/pandas/core/computation/scope.py:244[0m, in [0;36mScope.resolve[0;34m(self, key, is_local)[0m
[1;32m    242[0m     [38;5;28;01mreturn[39;00m [38;5;28mself[39m[38;5;241m.[39mtemps[key]
[1;32m    243[0m [38;5;28;01mexcept[39;00m [38;5;167;01mKeyError[39;00m [38;5;28;01mas[39;00m err:
[0;32m--> 244[0m     [38;5;28;01mraise[39;00m UndefinedVariableError(key, is_local) [38;5;28;01mfrom[39;00m [38;5;21;01merr[39;00m

[0;31mUndefinedVariableError[0m: name 'weather' is not defined

