Traceback (most recent call last):
  File "/opt/miniconda3/envs/clean_env/lib/python3.11/site-packages/jupyter_core/utils/__init__.py", line 154, in wrapped
    asyncio.get_running_loop()
RuntimeError: no running event loop

During handling of the above exception, another exception occurred:

Traceback (most recent call last):
  File "/opt/miniconda3/envs/clean_env/lib/python3.11/site-packages/jupyter_cache/executors/utils.py", line 58, in single_nb_execution
    executenb(
  File "/opt/miniconda3/envs/clean_env/lib/python3.11/site-packages/nbclient/client.py", line 1319, in execute
    return NotebookClient(nb=nb, resources=resources, km=km, **kwargs).execute()
           ^^^^^^^^^^^^^^^^^^^^^^^^^^^^^^^^^^^^^^^^^^^^^^^^^^^^^^^^^^^^^^^^^^^^^
  File "/opt/miniconda3/envs/clean_env/lib/python3.11/site-packages/jupyter_core/utils/__init__.py", line 158, in wrapped
    return loop.run_until_complete(inner)
           ^^^^^^^^^^^^^^^^^^^^^^^^^^^^^^
  File "/opt/miniconda3/envs/clean_env/lib/python3.11/asyncio/base_events.py", line 654, in run_until_complete
    return future.result()
           ^^^^^^^^^^^^^^^
  File "/opt/miniconda3/envs/clean_env/lib/python3.11/site-packages/nbclient/client.py", line 709, in async_execute
    await self.async_execute_cell(
  File "/opt/miniconda3/envs/clean_env/lib/python3.11/site-packages/nbclient/client.py", line 1062, in async_execute_cell
    await self._check_raise_for_error(cell, cell_index, exec_reply)
  File "/opt/miniconda3/envs/clean_env/lib/python3.11/site-packages/nbclient/client.py", line 918, in _check_raise_for_error
    raise CellExecutionError.from_cell_and_msg(cell, exec_reply_content)
nbclient.exceptions.CellExecutionError: An error occurred while executing the following cell:
------------------
n = 10
p = 0.2

x = range(n+1)
binom = # Your code here to find the probabilties for each value of k using the binomial pmf

mu = # Your code here for the mean of normal distribution
sigma = # Your code here for the std dev of normal distribution
norm = # Your code here to find the probabilties for each value of k using the binomial pmf

#plt.plot(x, binom, 'b.-') # plot binomial PMF as blue line
#plt.plot(x, norm, 'r.--') # plot normal PDF as red dashed line

#plt.xlabel('k hits')
#plt.ylabel('probability')
#plt.show()

------------------


  [36mCell[39m[36m [39m[32mIn[3][39m[32m, line 5[39m
[31m    [39m[31mbinom = # Your code here to find the probabilties for each value of k using the binomial pmf[39m
            ^
[31mSyntaxError[39m[31m:[39m invalid syntax


