Traceback (most recent call last):
  File "/opt/miniconda3/envs/clean_env/lib/python3.11/site-packages/jupyter_core/utils/__init__.py", line 154, in wrapped
    asyncio.get_running_loop()
RuntimeError: no running event loop

During handling of the above exception, another exception occurred:

Traceback (most recent call last):
  File "/opt/miniconda3/envs/clean_env/lib/python3.11/site-packages/jupyter_cache/executors/utils.py", line 58, in single_nb_execution
    executenb(
  File "/opt/miniconda3/envs/clean_env/lib/python3.11/site-packages/nbclient/client.py", line 1319, in execute
    return NotebookClient(nb=nb, resources=resources, km=km, **kwargs).execute()
           ^^^^^^^^^^^^^^^^^^^^^^^^^^^^^^^^^^^^^^^^^^^^^^^^^^^^^^^^^^^^^^^^^^^^^
  File "/opt/miniconda3/envs/clean_env/lib/python3.11/site-packages/jupyter_core/utils/__init__.py", line 158, in wrapped
    return loop.run_until_complete(inner)
           ^^^^^^^^^^^^^^^^^^^^^^^^^^^^^^
  File "/opt/miniconda3/envs/clean_env/lib/python3.11/asyncio/base_events.py", line 654, in run_until_complete
    return future.result()
           ^^^^^^^^^^^^^^^
  File "/opt/miniconda3/envs/clean_env/lib/python3.11/site-packages/nbclient/client.py", line 709, in async_execute
    await self.async_execute_cell(
  File "/opt/miniconda3/envs/clean_env/lib/python3.11/site-packages/nbclient/client.py", line 1062, in async_execute_cell
    await self._check_raise_for_error(cell, cell_index, exec_reply)
  File "/opt/miniconda3/envs/clean_env/lib/python3.11/site-packages/nbclient/client.py", line 918, in _check_raise_for_error
    raise CellExecutionError.from_cell_and_msg(cell, exec_reply_content)
nbclient.exceptions.CellExecutionError: An error occurred while executing the following cell:
------------------
# get all the rows where year is 1921
weather.query('weather.YYYY == 1921')
------------------


[31m---------------------------------------------------------------------------[39m
[31mKeyError[39m                                  Traceback (most recent call last)
[36mFile [39m[32m/opt/miniconda3/envs/clean_env/lib/python3.11/site-packages/pandas/core/computation/scope.py:231[39m, in [36mScope.resolve[39m[34m(self, key, is_local)[39m
[32m    230[39m [38;5;28;01mif[39;00m [38;5;28mself[39m.has_resolvers:
[32m--> [39m[32m231[39m     [38;5;28;01mreturn[39;00m [38;5;28;43mself[39;49m[43m.[49m[43mresolvers[49m[43m[[49m[43mkey[49m[43m][49m
[32m    233[39m [38;5;66;03m# if we're here that means that we have no locals and we also have[39;00m
[32m    234[39m [38;5;66;03m# no resolvers[39;00m

[36mFile [39m[32m/opt/miniconda3/envs/clean_env/lib/python3.11/collections/__init__.py:1006[39m, in [36mChainMap.__getitem__[39m[34m(self, key)[39m
[32m   1005[39m         [38;5;28;01mpass[39;00m
[32m-> [39m[32m1006[39m [38;5;28;01mreturn[39;00m [38;5;28;43mself[39;49m[43m.[49m[34;43m__missing__[39;49m[43m([49m[43mkey[49m[43m)[49m

[36mFile [39m[32m/opt/miniconda3/envs/clean_env/lib/python3.11/collections/__init__.py:998[39m, in [36mChainMap.__missing__[39m[34m(self, key)[39m
[32m    997[39m [38;5;28;01mdef[39;00m[38;5;250m [39m[34m__missing__[39m([38;5;28mself[39m, key):
[32m--> [39m[32m998[39m     [38;5;28;01mraise[39;00m [38;5;167;01mKeyError[39;00m(key)

[31mKeyError[39m: 'weather'

During handling of the above exception, another exception occurred:

[31mKeyError[39m                                  Traceback (most recent call last)
[36mFile [39m[32m/opt/miniconda3/envs/clean_env/lib/python3.11/site-packages/pandas/core/computation/scope.py:242[39m, in [36mScope.resolve[39m[34m(self, key, is_local)[39m
[32m    238[39m [38;5;28;01mtry[39;00m:
[32m    239[39m     [38;5;66;03m# last ditch effort we look in temporaries[39;00m
[32m    240[39m     [38;5;66;03m# these are created when parsing indexing expressions[39;00m
[32m    241[39m     [38;5;66;03m# e.g., df[df > 0][39;00m
[32m--> [39m[32m242[39m     [38;5;28;01mreturn[39;00m [38;5;28;43mself[39;49m[43m.[49m[43mtemps[49m[43m[[49m[43mkey[49m[43m][49m
[32m    243[39m [38;5;28;01mexcept[39;00m [38;5;167;01mKeyError[39;00m [38;5;28;01mas[39;00m err:

[31mKeyError[39m: 'weather'

The above exception was the direct cause of the following exception:

[31mUndefinedVariableError[39m                    Traceback (most recent call last)
[36mCell[39m[36m [39m[32mIn[12][39m[32m, line 2[39m
[32m      1[39m [38;5;66;03m# get all the rows where year is 1921[39;00m
[32m----> [39m[32m2[39m [43mweather[49m[43m.[49m[43mquery[49m[43m([49m[33;43m'[39;49m[33;43mweather.YYYY == 1921[39;49m[33;43m'[39;49m[43m)[49m

[36mFile [39m[32m/opt/miniconda3/envs/clean_env/lib/python3.11/site-packages/pandas/core/frame.py:4828[39m, in [36mDataFrame.query[39m[34m(self, expr, inplace, **kwargs)[39m
[32m   4826[39m kwargs[[33m"[39m[33mlevel[39m[33m"[39m] = kwargs.pop([33m"[39m[33mlevel[39m[33m"[39m, [32m0[39m) + [32m1[39m
[32m   4827[39m kwargs[[33m"[39m[33mtarget[39m[33m"[39m] = [38;5;28;01mNone[39;00m
[32m-> [39m[32m4828[39m res = [38;5;28;43mself[39;49m[43m.[49m[43meval[49m[43m([49m[43mexpr[49m[43m,[49m[43m [49m[43m*[49m[43m*[49m[43mkwargs[49m[43m)[49m
[32m   4830[39m [38;5;28;01mtry[39;00m:
[32m   4831[39m     result = [38;5;28mself[39m.loc[res]

[36mFile [39m[32m/opt/miniconda3/envs/clean_env/lib/python3.11/site-packages/pandas/core/frame.py:4954[39m, in [36mDataFrame.eval[39m[34m(self, expr, inplace, **kwargs)[39m
[32m   4951[39m     kwargs[[33m"[39m[33mtarget[39m[33m"[39m] = [38;5;28mself[39m
[32m   4952[39m kwargs[[33m"[39m[33mresolvers[39m[33m"[39m] = [38;5;28mtuple[39m(kwargs.get([33m"[39m[33mresolvers[39m[33m"[39m, ())) + resolvers
[32m-> [39m[32m4954[39m [38;5;28;01mreturn[39;00m [43m_eval[49m[43m([49m[43mexpr[49m[43m,[49m[43m [49m[43minplace[49m[43m=[49m[43minplace[49m[43m,[49m[43m [49m[43m*[49m[43m*[49m[43mkwargs[49m[43m)[49m

[36mFile [39m[32m/opt/miniconda3/envs/clean_env/lib/python3.11/site-packages/pandas/core/computation/eval.py:339[39m, in [36meval[39m[34m(expr, parser, engine, local_dict, global_dict, resolvers, level, target, inplace)[39m
[32m    330[39m [38;5;66;03m# get our (possibly passed-in) scope[39;00m
[32m    331[39m env = ensure_scope(
[32m    332[39m     level + [32m1[39m,
[32m    333[39m     global_dict=global_dict,
[32m   (...)[39m[32m    336[39m     target=target,
[32m    337[39m )
[32m--> [39m[32m339[39m parsed_expr = [43mExpr[49m[43m([49m[43mexpr[49m[43m,[49m[43m [49m[43mengine[49m[43m=[49m[43mengine[49m[43m,[49m[43m [49m[43mparser[49m[43m=[49m[43mparser[49m[43m,[49m[43m [49m[43menv[49m[43m=[49m[43menv[49m[43m)[49m
[32m    341[39m [38;5;28;01mif[39;00m engine == [33m"[39m[33mnumexpr[39m[33m"[39m [38;5;129;01mand[39;00m (
[32m    342[39m     (
[32m    343[39m         is_extension_array_dtype(parsed_expr.terms.return_type)
[32m   (...)[39m[32m    350[39m     )
[32m    351[39m ):
[32m    352[39m     warnings.warn(
[32m    353[39m         [33m"[39m[33mEngine has switched to [39m[33m'[39m[33mpython[39m[33m'[39m[33m because numexpr does not support [39m[33m"[39m
[32m    354[39m         [33m"[39m[33mextension array dtypes. Please set your engine to python manually.[39m[33m"[39m,
[32m    355[39m         [38;5;167;01mRuntimeWarning[39;00m,
[32m    356[39m         stacklevel=find_stack_level(),
[32m    357[39m     )

[36mFile [39m[32m/opt/miniconda3/envs/clean_env/lib/python3.11/site-packages/pandas/core/computation/expr.py:809[39m, in [36mExpr.__init__[39m[34m(self, expr, engine, parser, env, level)[39m
[32m    807[39m [38;5;28mself[39m.parser = parser
[32m    808[39m [38;5;28mself[39m._visitor = PARSERS[parser]([38;5;28mself[39m.env, [38;5;28mself[39m.engine, [38;5;28mself[39m.parser)
[32m--> [39m[32m809[39m [38;5;28mself[39m.terms = [38;5;28;43mself[39;49m[43m.[49m[43mparse[49m[43m([49m[43m)[49m

[36mFile [39m[32m/opt/miniconda3/envs/clean_env/lib/python3.11/site-packages/pandas/core/computation/expr.py:828[39m, in [36mExpr.parse[39m[34m(self)[39m
[32m    824[39m [38;5;28;01mdef[39;00m[38;5;250m [39m[34mparse[39m([38;5;28mself[39m):
[32m    825[39m [38;5;250m    [39m[33;03m"""[39;00m
[32m    826[39m [33;03m    Parse an expression.[39;00m
[32m    827[39m [33;03m    """[39;00m
[32m--> [39m[32m828[39m     [38;5;28;01mreturn[39;00m [38;5;28;43mself[39;49m[43m.[49m[43m_visitor[49m[43m.[49m[43mvisit[49m[43m([49m[38;5;28;43mself[39;49m[43m.[49m[43mexpr[49m[43m)[49m

[36mFile [39m[32m/opt/miniconda3/envs/clean_env/lib/python3.11/site-packages/pandas/core/computation/expr.py:413[39m, in [36mBaseExprVisitor.visit[39m[34m(self, node, **kwargs)[39m
[32m    411[39m method = [33mf[39m[33m"[39m[33mvisit_[39m[38;5;132;01m{[39;00m[38;5;28mtype[39m(node).[34m__name__[39m[38;5;132;01m}[39;00m[33m"[39m
[32m    412[39m visitor = [38;5;28mgetattr[39m([38;5;28mself[39m, method)
[32m--> [39m[32m413[39m [38;5;28;01mreturn[39;00m [43mvisitor[49m[43m([49m[43mnode[49m[43m,[49m[43m [49m[43m*[49m[43m*[49m[43mkwargs[49m[43m)[49m

[36mFile [39m[32m/opt/miniconda3/envs/clean_env/lib/python3.11/site-packages/pandas/core/computation/expr.py:419[39m, in [36mBaseExprVisitor.visit_Module[39m[34m(self, node, **kwargs)[39m
[32m    417[39m     [38;5;28;01mraise[39;00m [38;5;167;01mSyntaxError[39;00m([33m"[39m[33monly a single expression is allowed[39m[33m"[39m)
[32m    418[39m expr = node.body[[32m0[39m]
[32m--> [39m[32m419[39m [38;5;28;01mreturn[39;00m [38;5;28;43mself[39;49m[43m.[49m[43mvisit[49m[43m([49m[43mexpr[49m[43m,[49m[43m [49m[43m*[49m[43m*[49m[43mkwargs[49m[43m)[49m

[36mFile [39m[32m/opt/miniconda3/envs/clean_env/lib/python3.11/site-packages/pandas/core/computation/expr.py:413[39m, in [36mBaseExprVisitor.visit[39m[34m(self, node, **kwargs)[39m
[32m    411[39m method = [33mf[39m[33m"[39m[33mvisit_[39m[38;5;132;01m{[39;00m[38;5;28mtype[39m(node).[34m__name__[39m[38;5;132;01m}[39;00m[33m"[39m
[32m    412[39m visitor = [38;5;28mgetattr[39m([38;5;28mself[39m, method)
[32m--> [39m[32m413[39m [38;5;28;01mreturn[39;00m [43mvisitor[49m[43m([49m[43mnode[49m[43m,[49m[43m [49m[43m*[49m[43m*[49m[43mkwargs[49m[43m)[49m

[36mFile [39m[32m/opt/miniconda3/envs/clean_env/lib/python3.11/site-packages/pandas/core/computation/expr.py:422[39m, in [36mBaseExprVisitor.visit_Expr[39m[34m(self, node, **kwargs)[39m
[32m    421[39m [38;5;28;01mdef[39;00m[38;5;250m [39m[34mvisit_Expr[39m([38;5;28mself[39m, node, **kwargs):
[32m--> [39m[32m422[39m     [38;5;28;01mreturn[39;00m [38;5;28;43mself[39;49m[43m.[49m[43mvisit[49m[43m([49m[43mnode[49m[43m.[49m[43mvalue[49m[43m,[49m[43m [49m[43m*[49m[43m*[49m[43mkwargs[49m[43m)[49m

[36mFile [39m[32m/opt/miniconda3/envs/clean_env/lib/python3.11/site-packages/pandas/core/computation/expr.py:413[39m, in [36mBaseExprVisitor.visit[39m[34m(self, node, **kwargs)[39m
[32m    411[39m method = [33mf[39m[33m"[39m[33mvisit_[39m[38;5;132;01m{[39;00m[38;5;28mtype[39m(node).[34m__name__[39m[38;5;132;01m}[39;00m[33m"[39m
[32m    412[39m visitor = [38;5;28mgetattr[39m([38;5;28mself[39m, method)
[32m--> [39m[32m413[39m [38;5;28;01mreturn[39;00m [43mvisitor[49m[43m([49m[43mnode[49m[43m,[49m[43m [49m[43m*[49m[43m*[49m[43mkwargs[49m[43m)[49m

[36mFile [39m[32m/opt/miniconda3/envs/clean_env/lib/python3.11/site-packages/pandas/core/computation/expr.py:719[39m, in [36mBaseExprVisitor.visit_Compare[39m[34m(self, node, **kwargs)[39m
[32m    717[39m     op = [38;5;28mself[39m.translate_In(ops[[32m0[39m])
[32m    718[39m     binop = ast.BinOp(op=op, left=node.left, right=comps[[32m0[39m])
[32m--> [39m[32m719[39m     [38;5;28;01mreturn[39;00m [38;5;28;43mself[39;49m[43m.[49m[43mvisit[49m[43m([49m[43mbinop[49m[43m)[49m
[32m    721[39m [38;5;66;03m# recursive case: we have a chained comparison, a CMP b CMP c, etc.[39;00m
[32m    722[39m left = node.left

[36mFile [39m[32m/opt/miniconda3/envs/clean_env/lib/python3.11/site-packages/pandas/core/computation/expr.py:413[39m, in [36mBaseExprVisitor.visit[39m[34m(self, node, **kwargs)[39m
[32m    411[39m method = [33mf[39m[33m"[39m[33mvisit_[39m[38;5;132;01m{[39;00m[38;5;28mtype[39m(node).[34m__name__[39m[38;5;132;01m}[39;00m[33m"[39m
[32m    412[39m visitor = [38;5;28mgetattr[39m([38;5;28mself[39m, method)
[32m--> [39m[32m413[39m [38;5;28;01mreturn[39;00m [43mvisitor[49m[43m([49m[43mnode[49m[43m,[49m[43m [49m[43m*[49m[43m*[49m[43mkwargs[49m[43m)[49m

[36mFile [39m[32m/opt/miniconda3/envs/clean_env/lib/python3.11/site-packages/pandas/core/computation/expr.py:535[39m, in [36mBaseExprVisitor.visit_BinOp[39m[34m(self, node, **kwargs)[39m
[32m    534[39m [38;5;28;01mdef[39;00m[38;5;250m [39m[34mvisit_BinOp[39m([38;5;28mself[39m, node, **kwargs):
[32m--> [39m[32m535[39m     op, op_class, left, right = [38;5;28;43mself[39;49m[43m.[49m[43m_maybe_transform_eq_ne[49m[43m([49m[43mnode[49m[43m)[49m
[32m    536[39m     left, right = [38;5;28mself[39m._maybe_downcast_constants(left, right)
[32m    537[39m     [38;5;28;01mreturn[39;00m [38;5;28mself[39m._maybe_evaluate_binop(op, op_class, left, right)

[36mFile [39m[32m/opt/miniconda3/envs/clean_env/lib/python3.11/site-packages/pandas/core/computation/expr.py:453[39m, in [36mBaseExprVisitor._maybe_transform_eq_ne[39m[34m(self, node, left, right)[39m
[32m    451[39m [38;5;28;01mdef[39;00m[38;5;250m [39m[34m_maybe_transform_eq_ne[39m([38;5;28mself[39m, node, left=[38;5;28;01mNone[39;00m, right=[38;5;28;01mNone[39;00m):
[32m    452[39m     [38;5;28;01mif[39;00m left [38;5;129;01mis[39;00m [38;5;28;01mNone[39;00m:
[32m--> [39m[32m453[39m         left = [38;5;28;43mself[39;49m[43m.[49m[43mvisit[49m[43m([49m[43mnode[49m[43m.[49m[43mleft[49m[43m,[49m[43m [49m[43mside[49m[43m=[49m[33;43m"[39;49m[33;43mleft[39;49m[33;43m"[39;49m[43m)[49m
[32m    454[39m     [38;5;28;01mif[39;00m right [38;5;129;01mis[39;00m [38;5;28;01mNone[39;00m:
[32m    455[39m         right = [38;5;28mself[39m.visit(node.right, side=[33m"[39m[33mright[39m[33m"[39m)

[36mFile [39m[32m/opt/miniconda3/envs/clean_env/lib/python3.11/site-packages/pandas/core/computation/expr.py:413[39m, in [36mBaseExprVisitor.visit[39m[34m(self, node, **kwargs)[39m
[32m    411[39m method = [33mf[39m[33m"[39m[33mvisit_[39m[38;5;132;01m{[39;00m[38;5;28mtype[39m(node).[34m__name__[39m[38;5;132;01m}[39;00m[33m"[39m
[32m    412[39m visitor = [38;5;28mgetattr[39m([38;5;28mself[39m, method)
[32m--> [39m[32m413[39m [38;5;28;01mreturn[39;00m [43mvisitor[49m[43m([49m[43mnode[49m[43m,[49m[43m [49m[43m*[49m[43m*[49m[43mkwargs[49m[43m)[49m

[36mFile [39m[32m/opt/miniconda3/envs/clean_env/lib/python3.11/site-packages/pandas/core/computation/expr.py:644[39m, in [36mBaseExprVisitor.visit_Attribute[39m[34m(self, node, **kwargs)[39m
[32m    641[39m ctx = node.ctx
[32m    642[39m [38;5;28;01mif[39;00m [38;5;28misinstance[39m(ctx, ast.Load):
[32m    643[39m     [38;5;66;03m# resolve the value[39;00m
[32m--> [39m[32m644[39m     resolved = [38;5;28;43mself[39;49m[43m.[49m[43mvisit[49m[43m([49m[43mvalue[49m[43m)[49m.value
[32m    645[39m     [38;5;28;01mtry[39;00m:
[32m    646[39m         v = [38;5;28mgetattr[39m(resolved, attr)

[36mFile [39m[32m/opt/miniconda3/envs/clean_env/lib/python3.11/site-packages/pandas/core/computation/expr.py:413[39m, in [36mBaseExprVisitor.visit[39m[34m(self, node, **kwargs)[39m
[32m    411[39m method = [33mf[39m[33m"[39m[33mvisit_[39m[38;5;132;01m{[39;00m[38;5;28mtype[39m(node).[34m__name__[39m[38;5;132;01m}[39;00m[33m"[39m
[32m    412[39m visitor = [38;5;28mgetattr[39m([38;5;28mself[39m, method)
[32m--> [39m[32m413[39m [38;5;28;01mreturn[39;00m [43mvisitor[49m[43m([49m[43mnode[49m[43m,[49m[43m [49m[43m*[49m[43m*[49m[43mkwargs[49m[43m)[49m

[36mFile [39m[32m/opt/miniconda3/envs/clean_env/lib/python3.11/site-packages/pandas/core/computation/expr.py:545[39m, in [36mBaseExprVisitor.visit_Name[39m[34m(self, node, **kwargs)[39m
[32m    544[39m [38;5;28;01mdef[39;00m[38;5;250m [39m[34mvisit_Name[39m([38;5;28mself[39m, node, **kwargs) -> Term:
[32m--> [39m[32m545[39m     [38;5;28;01mreturn[39;00m [38;5;28;43mself[39;49m[43m.[49m[43mterm_type[49m[43m([49m[43mnode[49m[43m.[49m[43mid[49m[43m,[49m[43m [49m[38;5;28;43mself[39;49m[43m.[49m[43menv[49m[43m,[49m[43m [49m[43m*[49m[43m*[49m[43mkwargs[49m[43m)[49m

[36mFile [39m[32m/opt/miniconda3/envs/clean_env/lib/python3.11/site-packages/pandas/core/computation/ops.py:91[39m, in [36mTerm.__init__[39m[34m(self, name, env, side, encoding)[39m
[32m     89[39m tname = [38;5;28mstr[39m(name)
[32m     90[39m [38;5;28mself[39m.is_local = tname.startswith(LOCAL_TAG) [38;5;129;01mor[39;00m tname [38;5;129;01min[39;00m DEFAULT_GLOBALS
[32m---> [39m[32m91[39m [38;5;28mself[39m._value = [38;5;28;43mself[39;49m[43m.[49m[43m_resolve_name[49m[43m([49m[43m)[49m
[32m     92[39m [38;5;28mself[39m.encoding = encoding

[36mFile [39m[32m/opt/miniconda3/envs/clean_env/lib/python3.11/site-packages/pandas/core/computation/ops.py:115[39m, in [36mTerm._resolve_name[39m[34m(self)[39m
[32m    110[39m [38;5;28;01mif[39;00m local_name [38;5;129;01min[39;00m [38;5;28mself[39m.env.scope [38;5;129;01mand[39;00m [38;5;28misinstance[39m(
[32m    111[39m     [38;5;28mself[39m.env.scope[local_name], [38;5;28mtype[39m
[32m    112[39m ):
[32m    113[39m     is_local = [38;5;28;01mFalse[39;00m
[32m--> [39m[32m115[39m res = [38;5;28;43mself[39;49m[43m.[49m[43menv[49m[43m.[49m[43mresolve[49m[43m([49m[43mlocal_name[49m[43m,[49m[43m [49m[43mis_local[49m[43m=[49m[43mis_local[49m[43m)[49m
[32m    116[39m [38;5;28mself[39m.update(res)
[32m    118[39m [38;5;28;01mif[39;00m [38;5;28mhasattr[39m(res, [33m"[39m[33mndim[39m[33m"[39m) [38;5;129;01mand[39;00m res.ndim > [32m2[39m:

[36mFile [39m[32m/opt/miniconda3/envs/clean_env/lib/python3.11/site-packages/pandas/core/computation/scope.py:244[39m, in [36mScope.resolve[39m[34m(self, key, is_local)[39m
[32m    242[39m     [38;5;28;01mreturn[39;00m [38;5;28mself[39m.temps[key]
[32m    243[39m [38;5;28;01mexcept[39;00m [38;5;167;01mKeyError[39;00m [38;5;28;01mas[39;00m err:
[32m--> [39m[32m244[39m     [38;5;28;01mraise[39;00m UndefinedVariableError(key, is_local) [38;5;28;01mfrom[39;00m[38;5;250m [39m[34;01merr[39;00m

[31mUndefinedVariableError[39m: name 'weather' is not defined

